Grammar

    0 $accept: stmt $end

    1 stmt: IF


Terminals, with rules where they appear

    $end (0) 0
    error (256)
    IF (258) 1


Nonterminals, with rules where they appear

    $accept (4)
        on left: 0
    stmt (5)
        on left: 1
        on right: 0


State 0

    0 $accept: . stmt $end

    IF  shift, and go to state 1

    stmt  go to state 2


State 1

    1 stmt: IF .

    $default  reduce using rule 1 (stmt)


State 2

    0 $accept: stmt . $end

    $end  shift, and go to state 3


State 3

    0 $accept: stmt $end .

    $default  accept
