\BOOKMARK [1][-]{section.1}{Introduzione}{}% 1
\BOOKMARK [1][-]{section.2}{Stato dell'arte}{}% 2
\BOOKMARK [1][-]{section.3}{Descrizione del progetto}{}% 3
\BOOKMARK [2][-]{subsection.3.1}{Scelte progettuali}{section.3}% 4
\BOOKMARK [2][-]{subsection.3.2}{LibVips}{section.3}% 5
\BOOKMARK [2][-]{subsection.3.3}{Guida all'uso}{section.3}% 6
\BOOKMARK [1][-]{section.4}{Caratteristiche del linguaggio}{}% 7
\BOOKMARK [2][-]{subsection.4.1}{Grammatica}{section.4}% 8
\BOOKMARK [3][-]{subsubsection.4.1.1}{Tipi}{subsection.4.1}% 9
\BOOKMARK [3][-]{subsubsection.4.1.2}{Operazioni}{subsection.4.1}% 10
\BOOKMARK [3][-]{subsubsection.4.1.3}{Strutture di controllo}{subsection.4.1}% 11
\BOOKMARK [3][-]{subsubsection.4.1.4}{Funzioni}{subsection.4.1}% 12
\BOOKMARK [2][-]{subsection.4.2}{Parser}{section.4}% 13
\BOOKMARK [2][-]{subsection.4.3}{Lexer}{section.4}% 14
\BOOKMARK [2][-]{subsection.4.4}{Funzionalit\340 del linguaggio}{section.4}% 15
\BOOKMARK [3][-]{subsubsection.4.4.1}{Metodo print}{subsection.4.4}% 16
\BOOKMARK [3][-]{subsubsection.4.4.2}{Metodi per le liste}{subsection.4.4}% 17
\BOOKMARK [3][-]{subsubsection.4.4.3}{Metodi per le immagini}{subsection.4.4}% 18
\BOOKMARK [1][-]{section.5}{Casi d'uso}{}% 19
\BOOKMARK [2][-]{subsection.5.1}{Primo caso}{section.5}% 20
\BOOKMARK [2][-]{subsection.5.2}{Secondo caso}{section.5}% 21
\BOOKMARK [2][-]{subsection.5.3}{Terzo caso}{section.5}% 22
\BOOKMARK [1][-]{section.6}{Risultati}{}% 23
\BOOKMARK [2][-]{subsection.6.1}{Fattoriale}{section.6}% 24
\BOOKMARK [2][-]{subsection.6.2}{Pi greco}{section.6}% 25
\BOOKMARK [2][-]{subsection.6.3}{Restauro}{section.6}% 26
\BOOKMARK [1][-]{section.7}{Conclusioni}{}% 27
\BOOKMARK [1][-]{section*.3}{Appendice}{}% 28
